<?xml version="1.0" encoding="UTF-8"?>
<testng-results skipped="0" failed="0" total="1" passed="1">
  <reporter-output>
  </reporter-output>
  <suite name="Surefire suite" duration-ms="4600" started-at="2022-06-06T06:54:44Z" finished-at="2022-06-06T06:54:49Z">
    <groups>
    </groups>
    <test name="Surefire test" duration-ms="4600" started-at="2022-06-06T06:54:44Z" finished-at="2022-06-06T06:54:49Z">
      <class name="Amazon_ec2_project.FirstTest">
        <test-method status="PASS" signature="OpenBrowser()[pri:0, instance:Amazon_ec2_project.FirstTest@62452cc9]" name="OpenBrowser" duration-ms="4383" started-at="2022-06-06T12:24:44Z" finished-at="2022-06-06T12:24:48Z">
          <reporter-output>
          </reporter-output>
        </test-method> <!-- OpenBrowser -->
      </class> <!-- Amazon_ec2_project.FirstTest -->
    </test> <!-- Surefire test -->
  </suite> <!-- Surefire suite -->
</testng-results>
