<?xml version="1.0" encoding="UTF-8"?>
<testng-results total="1" passed="1" failed="0" skipped="0">
  <reporter-output>
  </reporter-output>
  <suite started-at="2022-06-06T06:46:42Z" name="Default suite" finished-at="2022-06-06T06:46:47Z" duration-ms="5227">
    <groups>
    </groups>
    <test started-at="2022-06-06T06:46:42Z" name="Default test" finished-at="2022-06-06T06:46:47Z" duration-ms="5227">
      <class name="Amazon_ec2_project.FirstTest">
        <test-method signature="OpenBrowser()[pri:0, instance:Amazon_ec2_project.FirstTest@342726f1]" started-at="2022-06-06T12:16:42Z" name="OpenBrowser" finished-at="2022-06-06T12:16:47Z" duration-ms="4597" status="PASS">
          <reporter-output>
          </reporter-output>
        </test-method> <!-- OpenBrowser -->
      </class> <!-- Amazon_ec2_project.FirstTest -->
    </test> <!-- Default test -->
  </suite> <!-- Default suite -->
</testng-results>
